mode: set
github.com/njern/AaltoES_code_it_2014/UltimateTicTacGo/boards.go:17.46,18.25 1 1
github.com/njern/AaltoES_code_it_2014/UltimateTicTacGo/boards.go:39.2,39.86 1 1
github.com/njern/AaltoES_code_it_2014/UltimateTicTacGo/boards.go:55.2,55.14 1 1
github.com/njern/AaltoES_code_it_2014/UltimateTicTacGo/boards.go:18.25,19.87 1 1
github.com/njern/AaltoES_code_it_2014/UltimateTicTacGo/boards.go:28.3,28.87 1 1
github.com/njern/AaltoES_code_it_2014/UltimateTicTacGo/boards.go:19.87,26.4 1 1
github.com/njern/AaltoES_code_it_2014/UltimateTicTacGo/boards.go:28.87,35.4 1 1
github.com/njern/AaltoES_code_it_2014/UltimateTicTacGo/boards.go:39.86,46.3 1 1
github.com/njern/AaltoES_code_it_2014/UltimateTicTacGo/boards.go:46.4,46.93 1 1
github.com/njern/AaltoES_code_it_2014/UltimateTicTacGo/boards.go:46.93,53.3 1 1
github.com/njern/AaltoES_code_it_2014/UltimateTicTacGo/boards.go:58.38,59.25 1 1
github.com/njern/AaltoES_code_it_2014/UltimateTicTacGo/boards.go:59.25,60.26 1 1
github.com/njern/AaltoES_code_it_2014/UltimateTicTacGo/boards.go:60.26,62.4 1 1
github.com/njern/AaltoES_code_it_2014/UltimateTicTacGo/boards.go:68.69,70.32 2 1
github.com/njern/AaltoES_code_it_2014/UltimateTicTacGo/boards.go:75.2,75.25 1 1
github.com/njern/AaltoES_code_it_2014/UltimateTicTacGo/boards.go:83.2,83.19 1 1
github.com/njern/AaltoES_code_it_2014/UltimateTicTacGo/boards.go:70.32,73.3 1 0
github.com/njern/AaltoES_code_it_2014/UltimateTicTacGo/boards.go:75.25,76.26 1 1
github.com/njern/AaltoES_code_it_2014/UltimateTicTacGo/boards.go:76.26,77.28 1 1
github.com/njern/AaltoES_code_it_2014/UltimateTicTacGo/boards.go:77.28,79.5 1 1
github.com/njern/AaltoES_code_it_2014/UltimateTicTacGo/boards.go:88.45,89.25 1 1
github.com/njern/AaltoES_code_it_2014/UltimateTicTacGo/boards.go:110.2,110.146 1 1
github.com/njern/AaltoES_code_it_2014/UltimateTicTacGo/boards.go:126.2,126.14 1 1
github.com/njern/AaltoES_code_it_2014/UltimateTicTacGo/boards.go:89.25,90.147 1 1
github.com/njern/AaltoES_code_it_2014/UltimateTicTacGo/boards.go:99.3,99.147 1 1
github.com/njern/AaltoES_code_it_2014/UltimateTicTacGo/boards.go:90.147,97.4 1 1
github.com/njern/AaltoES_code_it_2014/UltimateTicTacGo/boards.go:99.147,106.4 1 1
github.com/njern/AaltoES_code_it_2014/UltimateTicTacGo/boards.go:110.146,117.3 1 1
github.com/njern/AaltoES_code_it_2014/UltimateTicTacGo/boards.go:117.4,117.153 1 1
github.com/njern/AaltoES_code_it_2014/UltimateTicTacGo/boards.go:117.153,124.3 1 1
github.com/njern/AaltoES_code_it_2014/UltimateTicTacGo/boards.go:131.37,135.25 3 1
github.com/njern/AaltoES_code_it_2014/UltimateTicTacGo/boards.go:135.25,136.26 1 1
github.com/njern/AaltoES_code_it_2014/UltimateTicTacGo/boards.go:136.26,138.4 1 1
github.com/njern/AaltoES_code_it_2014/UltimateTicTacGo/boards.go:144.50,147.25 3 1
github.com/njern/AaltoES_code_it_2014/UltimateTicTacGo/boards.go:166.2,166.31 1 1
github.com/njern/AaltoES_code_it_2014/UltimateTicTacGo/boards.go:147.25,148.26 1 1
github.com/njern/AaltoES_code_it_2014/UltimateTicTacGo/boards.go:148.26,149.40 1 1
github.com/njern/AaltoES_code_it_2014/UltimateTicTacGo/boards.go:154.4,154.27 1 1
github.com/njern/AaltoES_code_it_2014/UltimateTicTacGo/boards.go:149.40,151.13 1 0
github.com/njern/AaltoES_code_it_2014/UltimateTicTacGo/boards.go:154.27,155.28 1 1
github.com/njern/AaltoES_code_it_2014/UltimateTicTacGo/boards.go:155.28,156.36 1 1
github.com/njern/AaltoES_code_it_2014/UltimateTicTacGo/boards.go:156.36,160.7 2 1
github.com/njern/AaltoES_code_it_2014/UltimateTicTacGo/boards.go:172.56,175.25 3 0
github.com/njern/AaltoES_code_it_2014/UltimateTicTacGo/boards.go:189.2,189.31 1 0
github.com/njern/AaltoES_code_it_2014/UltimateTicTacGo/boards.go:175.25,176.26 1 0
github.com/njern/AaltoES_code_it_2014/UltimateTicTacGo/boards.go:176.26,177.27 1 0
github.com/njern/AaltoES_code_it_2014/UltimateTicTacGo/boards.go:177.27,178.28 1 0
github.com/njern/AaltoES_code_it_2014/UltimateTicTacGo/boards.go:178.28,179.36 1 0
github.com/njern/AaltoES_code_it_2014/UltimateTicTacGo/boards.go:179.36,183.7 2 0
github.com/njern/AaltoES_code_it_2014/UltimateTicTacGo/boards.go:193.51,197.2 3 0
github.com/njern/AaltoES_code_it_2014/UltimateTicTacGo/bots.go:10.64,14.206 3 1
github.com/njern/AaltoES_code_it_2014/UltimateTicTacGo/bots.go:26.2,28.36 3 1
github.com/njern/AaltoES_code_it_2014/UltimateTicTacGo/bots.go:14.206,23.3 3 1
github.com/njern/AaltoES_code_it_2014/UltimateTicTacGo/bots.go:37.86,44.104 5 0
github.com/njern/AaltoES_code_it_2014/UltimateTicTacGo/bots.go:64.2,72.39 8 0
github.com/njern/AaltoES_code_it_2014/UltimateTicTacGo/bots.go:76.2,76.6 1 0
github.com/njern/AaltoES_code_it_2014/UltimateTicTacGo/bots.go:138.2,141.37 3 0
github.com/njern/AaltoES_code_it_2014/UltimateTicTacGo/bots.go:150.2,150.18 1 0
github.com/njern/AaltoES_code_it_2014/UltimateTicTacGo/bots.go:44.104,52.27 2 0
github.com/njern/AaltoES_code_it_2014/UltimateTicTacGo/bots.go:52.27,57.4 1 0
github.com/njern/AaltoES_code_it_2014/UltimateTicTacGo/bots.go:58.4,62.3 1 0
github.com/njern/AaltoES_code_it_2014/UltimateTicTacGo/bots.go:72.39,74.3 1 0
github.com/njern/AaltoES_code_it_2014/UltimateTicTacGo/bots.go:76.6,78.35 1 0
github.com/njern/AaltoES_code_it_2014/UltimateTicTacGo/bots.go:131.3,132.47 2 0
github.com/njern/AaltoES_code_it_2014/UltimateTicTacGo/bots.go:78.35,92.25 6 0
github.com/njern/AaltoES_code_it_2014/UltimateTicTacGo/bots.go:99.4,102.40 2 0
github.com/njern/AaltoES_code_it_2014/UltimateTicTacGo/bots.go:120.4,121.136 2 0
github.com/njern/AaltoES_code_it_2014/UltimateTicTacGo/bots.go:92.25,95.5 2 0
github.com/njern/AaltoES_code_it_2014/UltimateTicTacGo/bots.go:95.6,98.5 2 0
github.com/njern/AaltoES_code_it_2014/UltimateTicTacGo/bots.go:102.40,103.42 1 0
github.com/njern/AaltoES_code_it_2014/UltimateTicTacGo/bots.go:108.5,111.28 3 0
github.com/njern/AaltoES_code_it_2014/UltimateTicTacGo/bots.go:103.42,105.11 2 0
github.com/njern/AaltoES_code_it_2014/UltimateTicTacGo/bots.go:111.28,114.6 2 0
github.com/njern/AaltoES_code_it_2014/UltimateTicTacGo/bots.go:114.7,114.35 1 0
github.com/njern/AaltoES_code_it_2014/UltimateTicTacGo/bots.go:114.35,117.6 2 0
github.com/njern/AaltoES_code_it_2014/UltimateTicTacGo/bots.go:121.136,124.5 2 0
github.com/njern/AaltoES_code_it_2014/UltimateTicTacGo/bots.go:124.6,124.143 1 0
github.com/njern/AaltoES_code_it_2014/UltimateTicTacGo/bots.go:124.143,127.5 2 0
github.com/njern/AaltoES_code_it_2014/UltimateTicTacGo/bots.go:132.47,134.9 1 0
github.com/njern/AaltoES_code_it_2014/UltimateTicTacGo/bots.go:141.37,143.24 2 0
github.com/njern/AaltoES_code_it_2014/UltimateTicTacGo/bots.go:143.24,146.4 2 0
github.com/njern/AaltoES_code_it_2014/UltimateTicTacGo/main.go:20.13,27.6 6 0
github.com/njern/AaltoES_code_it_2014/UltimateTicTacGo/main.go:27.6,31.24 3 0
github.com/njern/AaltoES_code_it_2014/UltimateTicTacGo/main.go:54.3,54.17 1 0
github.com/njern/AaltoES_code_it_2014/UltimateTicTacGo/main.go:31.24,33.27 1 0
github.com/njern/AaltoES_code_it_2014/UltimateTicTacGo/main.go:33.27,35.5 1 0
github.com/njern/AaltoES_code_it_2014/UltimateTicTacGo/main.go:35.6,37.5 1 0
github.com/njern/AaltoES_code_it_2014/UltimateTicTacGo/main.go:38.5,38.29 1 0
github.com/njern/AaltoES_code_it_2014/UltimateTicTacGo/main.go:38.29,44.4 3 0
github.com/njern/AaltoES_code_it_2014/UltimateTicTacGo/main.go:44.5,48.33 2 0
github.com/njern/AaltoES_code_it_2014/UltimateTicTacGo/main.go:51.4,51.17 1 0
github.com/njern/AaltoES_code_it_2014/UltimateTicTacGo/main.go:48.33,50.5 1 0
github.com/njern/AaltoES_code_it_2014/UltimateTicTacGo/main.go:54.17,58.9 3 0
github.com/njern/AaltoES_code_it_2014/UltimateTicTacGo/move.go:12.29,15.2 2 1
